Using pre-set license
Built from '2021.3/staging' branch; Version is '2021.3.14f1 (eee1884e7226) revision 15655304'; Using compiler version '192829333'; Build Type 'Release'
OS: 'Windows 10  (10.0.19044) 64bit Core' Language: 'es' Physical Memory: 12135 MB
BatchMode: 1, IsHumanControllingUs: 0, StartBugReporterOnCrash: 0, Is64bit: 1, IsPro: 1

COMMAND LINE ARGUMENTS:
D:\program files\Unity\Hub\Editor\2021.3.14f1\Editor\Unity.exe
-adb2
-batchMode
-noUpm
-name
AssetImportWorker2
-projectPath
D:/Unity Proyects/TFG-Redirected_Walking
-logFile
Logs/AssetImportWorker2.log
-srvPort
1082
Successfully changed project path to: D:/Unity Proyects/TFG-Redirected_Walking
D:/Unity Proyects/TFG-Redirected_Walking
[UnityMemory] Configuration Parameters - Can be set up in boot.config
    "memorysetup-bucket-allocator-granularity=16"
    "memorysetup-bucket-allocator-bucket-count=8"
    "memorysetup-bucket-allocator-block-size=33554432"
    "memorysetup-bucket-allocator-block-count=8"
    "memorysetup-main-allocator-block-size=16777216"
    "memorysetup-thread-allocator-block-size=16777216"
    "memorysetup-gfx-main-allocator-block-size=16777216"
    "memorysetup-gfx-thread-allocator-block-size=16777216"
    "memorysetup-cache-allocator-block-size=4194304"
    "memorysetup-typetree-allocator-block-size=2097152"
    "memorysetup-profiler-bucket-allocator-granularity=16"
    "memorysetup-profiler-bucket-allocator-bucket-count=8"
    "memorysetup-profiler-bucket-allocator-block-size=33554432"
    "memorysetup-profiler-bucket-allocator-block-count=8"
    "memorysetup-profiler-allocator-block-size=16777216"
    "memorysetup-profiler-editor-allocator-block-size=1048576"
    "memorysetup-temp-allocator-size-main=16777216"
    "memorysetup-job-temp-allocator-block-size=2097152"
    "memorysetup-job-temp-allocator-block-size-background=1048576"
    "memorysetup-job-temp-allocator-reduction-small-platforms=262144"
    "memorysetup-temp-allocator-size-background-worker=32768"
    "memorysetup-temp-allocator-size-job-worker=262144"
    "memorysetup-temp-allocator-size-preload-manager=33554432"
    "memorysetup-temp-allocator-size-nav-mesh-worker=65536"
    "memorysetup-temp-allocator-size-audio-worker=65536"
    "memorysetup-temp-allocator-size-cloud-worker=32768"
    "memorysetup-temp-allocator-size-gi-baking-worker=262144"
    "memorysetup-temp-allocator-size-gfx=262144"
Refreshing native plugins compatible for Editor in 175.10 ms, found 22 plugins.
Preloading 2 native plugins for Editor in 2058.40 ms.
Initialize engine version: 2021.3.14f1 (eee1884e7226)
[Subsystems] Discovering subsystems at path D:/program files/Unity/Hub/Editor/2021.3.14f1/Editor/Data/Resources/UnitySubsystems
[Subsystems] Discovering subsystems at path D:/Unity Proyects/TFG-Redirected_Walking/Assets
GfxDevice: creating device client; threaded=0; jobified=0
Direct3D:
    Version:  Direct3D 11.0 [level 11.1]
    Renderer: NVIDIA GeForce GTX 1050 (ID=0x1c8d)
    Vendor:   NVIDIA
    VRAM:     4019 MB
    Driver:   30.0.15.1278
Initialize mono
Mono path[0] = 'D:/program files/Unity/Hub/Editor/2021.3.14f1/Editor/Data/Managed'
Mono path[1] = 'D:/program files/Unity/Hub/Editor/2021.3.14f1/Editor/Data/MonoBleedingEdge/lib/mono/unityjit-win32'
Mono config path = 'D:/program files/Unity/Hub/Editor/2021.3.14f1/Editor/Data/MonoBleedingEdge/etc'
Using monoOptions --debugger-agent=transport=dt_socket,embedding=1,server=y,suspend=n,address=127.0.0.1:56048
Begin MonoManager ReloadAssembly
Registering precompiled unity dll's ...
Register platform support module: D:/program files/Unity/Hub/Editor/2021.3.14f1/Editor/Data/PlaybackEngines/WebGLSupport/UnityEditor.WebGL.Extensions.dll
Register platform support module: D:/program files/Unity/Hub/Editor/2021.3.14f1/Editor/Data/PlaybackEngines/AndroidPlayer/UnityEditor.Android.Extensions.dll
Register platform support module: D:/program files/Unity/Hub/Editor/2021.3.14f1/Editor/Data/PlaybackEngines/WindowsStandaloneSupport/UnityEditor.WindowsStandalone.Extensions.dll
Registered in 0.009524 seconds.
Native extension for WindowsStandalone target not found
Native extension for Android target not found
Native extension for WebGL target not found
Refreshing native plugins compatible for Editor in 125.06 ms, found 22 plugins.
Preloading 2 native plugins for Editor in 0.41 ms.
Mono: successfully reloaded assembly
- Completed reload, in  1.294 seconds
Domain Reload Profiling:
	ReloadAssembly (1295ms)
		BeginReloadAssembly (176ms)
			ExecutionOrderSort (0ms)
			DisableScriptedObjects (0ms)
			BackupInstance (0ms)
			ReleaseScriptingObjects (0ms)
			CreateAndSetChildDomain (1ms)
		EndReloadAssembly (937ms)
			LoadAssemblies (177ms)
			RebuildTransferFunctionScriptingTraits (0ms)
			SetupTypeCache (263ms)
			ReleaseScriptCaches (0ms)
			RebuildScriptCaches (46ms)
			SetupLoadedEditorAssemblies (533ms)
				LogAssemblyErrors (0ms)
				InitializePlatformSupportModulesInManaged (111ms)
				SetLoadedEditorAssemblies (1ms)
				RefreshPlugins (126ms)
				BeforeProcessingInitializeOnLoad (2ms)
				ProcessInitializeOnLoadAttributes (198ms)
				ProcessInitializeOnLoadMethodAttributes (94ms)
				AfterProcessingInitializeOnLoad (0ms)
				EditorAssembliesLoaded (0ms)
			ExecutionOrderSort2 (0ms)
			AwakeInstancesAfterBackupRestoration (0ms)
Platform modules already initialized, skipping
Registering precompiled user dll's ...
Registered in 0.035022 seconds.
Begin MonoManager ReloadAssembly
Native extension for WindowsStandalone target not found
Native extension for Android target not found
Native extension for WebGL target not found
Refreshing native plugins compatible for Editor in 91.97 ms, found 22 plugins.
Preloading 2 native plugins for Editor in 0.10 ms.
Package Manager log level set to [2]
PXRLog [Build Check]RegisterBuildPlayerHandler,Already Do not show: True
UnityEngine.StackTraceUtility:ExtractStackTrace ()
UnityEngine.DebugLogHandler:LogFormat (UnityEngine.LogType,UnityEngine.Object,string,object[])
UnityEngine.Logger:Log (UnityEngine.LogType,object)
UnityEngine.Debug:Log (object)
Unity.XR.PXR.Editor.PXR_SDKBuildCheck:.cctor () (at D:/Unity Proyects/PICO Unity Integration SDK v212/Editor/PXR_SDKBuildCheck.cs:30)
System.Runtime.CompilerServices.RuntimeHelpers:RunClassConstructor (System.RuntimeTypeHandle)
UnityEditor.EditorAssemblies:ProcessInitializeOnLoadAttributes (System.Type[])

(Filename: D:/Unity Proyects/PICO Unity Integration SDK v212/Editor/PXR_SDKBuildCheck.cs Line: 30)

Mono: successfully reloaded assembly
- Completed reload, in  2.189 seconds
Domain Reload Profiling:
	ReloadAssembly (2190ms)
		BeginReloadAssembly (403ms)
			ExecutionOrderSort (0ms)
			DisableScriptedObjects (7ms)
			BackupInstance (0ms)
			ReleaseScriptingObjects (0ms)
			CreateAndSetChildDomain (149ms)
		EndReloadAssembly (1584ms)
			LoadAssemblies (309ms)
			RebuildTransferFunctionScriptingTraits (0ms)
			SetupTypeCache (398ms)
			ReleaseScriptCaches (1ms)
			RebuildScriptCaches (112ms)
			SetupLoadedEditorAssemblies (805ms)
				LogAssemblyErrors (0ms)
				InitializePlatformSupportModulesInManaged (19ms)
				SetLoadedEditorAssemblies (0ms)
				RefreshPlugins (92ms)
				BeforeProcessingInitializeOnLoad (125ms)
				ProcessInitializeOnLoadAttributes (508ms)
				ProcessInitializeOnLoadMethodAttributes (53ms)
				AfterProcessingInitializeOnLoad (7ms)
				EditorAssembliesLoaded (0ms)
			ExecutionOrderSort2 (0ms)
			AwakeInstancesAfterBackupRestoration (13ms)
Platform modules already initialized, skipping
========================================================================
Worker process is ready to serve import requests
Launched and connected shader compiler UnityShaderCompiler.exe after 0.13 seconds
Refreshing native plugins compatible for Editor in 1.93 ms, found 22 plugins.
Preloading 2 native plugins for Editor in 0.15 ms.
Unloading 3893 Unused Serialized files (Serialized files now loaded: 0)
Unloading 120 unused Assets / (22.8 MB). Loaded Objects now: 4268.
Memory consumption went from 226.8 MB to 204.0 MB.
Total: 12.802100 ms (FindLiveObjects: 0.472200 ms CreateObjectMapping: 0.563700 ms MarkObjects: 6.242900 ms  DeleteObjects: 5.506600 ms)

AssetImportParameters requested are different than current active one (requested -> active):
  custom:video-decoder-ogg-theora: a1e56fd34408186e4bbccfd4996cb3dc -> 
  custom:container-muxer-webm: aa71ff27fc2769a1b78a27578f13a17b -> 
  custom:container-demuxer-webm: 4f35f7cbe854078d1ac9338744f61a02 -> 
  custom:video-encoder-webm-vp8: eb34c28f22e8b96e1ab97ce403110664 -> 
  custom:video-codec-MediaFoundation-h265: 746d11721c4dcdbdad8f713fa42b33f4 -> 
  custom:audio-encoder-webm-vorbis: bf7c407c2cedff20999df2af8eb42d56 -> 
  custom:framework-win-MediaFoundation: 216162199b28c13a410421893ffa2e32 -> 
  custom:container-demuxer-ogg: 62fdf1f143b41e24485cea50d1cbac27 -> 
  custom:video-decoder-webm-vp8: 9c59270c3fd7afecdb556c50c9e8de78 -> 
  custom:audio-decoder-ogg-vorbis: bf7c407c2cedff20999df2af8eb42d56 -> 
========================================================================
Received Import Request.
  Time since last request: 147093.954543 seconds.
  path: Assets/materials/metal.mat
  artifactKey: Guid(1f9e1cea44e4b4921b4670fc08a8e46d) Importer(815301076,1909f56bfc062723c751e8b465ee728b)
Start importing Assets/materials/metal.mat using Guid(1f9e1cea44e4b4921b4670fc08a8e46d) Importer(815301076,1909f56bfc062723c751e8b465ee728b)  -> (artifact id: '656950ef3ded538a5d03201b6076a99f') in 0.565350 seconds 
========================================================================
Received Import Request.
  Time since last request: 24.198459 seconds.
  path: Assets/materials/environment
  artifactKey: Guid(9630acd3b76f3704dbfa052ff81834bf) Importer(815301076,1909f56bfc062723c751e8b465ee728b)
Start importing Assets/materials/environment using Guid(9630acd3b76f3704dbfa052ff81834bf) Importer(815301076,1909f56bfc062723c751e8b465ee728b)  -> (artifact id: '2019fa3483b7e68851118bef39e9f991') in 0.010790 seconds 
========================================================================
Received Import Request.
  Time since last request: 13.806795 seconds.
  path: Assets/materials/environment/wall.mat
  artifactKey: Guid(5af07355dc3bad240a87a5257a658886) Importer(815301076,1909f56bfc062723c751e8b465ee728b)
Start importing Assets/materials/environment/wall.mat using Guid(5af07355dc3bad240a87a5257a658886) Importer(815301076,1909f56bfc062723c751e8b465ee728b)  -> (artifact id: '117e9476e97400434bf23c712c8f00c3') in 0.018398 seconds 
========================================================================
Received Import Request.
  Time since last request: 8.139697 seconds.
  path: Assets/materials/environment/front.mat
  artifactKey: Guid(5af07355dc3bad240a87a5257a658886) Importer(815301076,1909f56bfc062723c751e8b465ee728b)
Start importing Assets/materials/environment/front.mat using Guid(5af07355dc3bad240a87a5257a658886) Importer(815301076,1909f56bfc062723c751e8b465ee728b)  -> (artifact id: '73d8aa74f3b4cddeb70e37a207098b05') in 0.016594 seconds 
========================================================================
Received Import Request.
  Time since last request: 1.506625 seconds.
  path: Assets/materials/environment/front 1.mat
  artifactKey: Guid(ceff6f0b56750ee4f8aeb44525382f80) Importer(815301076,1909f56bfc062723c751e8b465ee728b)
Start importing Assets/materials/environment/front 1.mat using Guid(ceff6f0b56750ee4f8aeb44525382f80) Importer(815301076,1909f56bfc062723c751e8b465ee728b)  -> (artifact id: 'e2cb3dd892ecc8df8f18242ef2566df2') in 0.030335 seconds 
========================================================================
Received Import Request.
  Time since last request: 4.231218 seconds.
  path: Assets/materials/environment/back.mat
  artifactKey: Guid(ceff6f0b56750ee4f8aeb44525382f80) Importer(815301076,1909f56bfc062723c751e8b465ee728b)
Start importing Assets/materials/environment/back.mat using Guid(ceff6f0b56750ee4f8aeb44525382f80) Importer(815301076,1909f56bfc062723c751e8b465ee728b)  -> (artifact id: 'ab2a0a36644ae2f5d96761b06e9de9e6') in 0.035360 seconds 
========================================================================
Received Import Request.
  Time since last request: 1.245357 seconds.
  path: Assets/materials/environment/back 1.mat
  artifactKey: Guid(ee8b2dd58c5f13846b7197a1b8a51f87) Importer(815301076,1909f56bfc062723c751e8b465ee728b)
Start importing Assets/materials/environment/back 1.mat using Guid(ee8b2dd58c5f13846b7197a1b8a51f87) Importer(815301076,1909f56bfc062723c751e8b465ee728b)  -> (artifact id: '57407b2534088cf57c739099c7440661') in 0.018719 seconds 
========================================================================
Received Import Request.
  Time since last request: 3.500689 seconds.
  path: Assets/materials/environment/left.mat
  artifactKey: Guid(ee8b2dd58c5f13846b7197a1b8a51f87) Importer(815301076,1909f56bfc062723c751e8b465ee728b)
Start importing Assets/materials/environment/left.mat using Guid(ee8b2dd58c5f13846b7197a1b8a51f87) Importer(815301076,1909f56bfc062723c751e8b465ee728b)  -> (artifact id: 'bd918d41d87b1114b69ad585a4e7ef01') in 0.015911 seconds 
========================================================================
Received Import Request.
  Time since last request: 1.211562 seconds.
  path: Assets/materials/environment/left 1.mat
  artifactKey: Guid(a109de3a74c332047bd8fc4a7973c1be) Importer(815301076,1909f56bfc062723c751e8b465ee728b)
Start importing Assets/materials/environment/left 1.mat using Guid(a109de3a74c332047bd8fc4a7973c1be) Importer(815301076,1909f56bfc062723c751e8b465ee728b)  -> (artifact id: 'b433f6000d4ac3213d7f2cee3cdfc80c') in 0.016604 seconds 
========================================================================
Received Import Request.
  Time since last request: 3.201040 seconds.
  path: Assets/materials/environment/right.mat
  artifactKey: Guid(a109de3a74c332047bd8fc4a7973c1be) Importer(815301076,1909f56bfc062723c751e8b465ee728b)
Start importing Assets/materials/environment/right.mat using Guid(a109de3a74c332047bd8fc4a7973c1be) Importer(815301076,1909f56bfc062723c751e8b465ee728b)  -> (artifact id: '06a5d8c0aced11348e64790efaea5014') in 0.015976 seconds 
========================================================================
Received Import Request.
  Time since last request: 4.435575 seconds.
  path: Assets/materials/environment/right 1.mat
  artifactKey: Guid(d87bf12ace45b044fa458de05573ed97) Importer(815301076,1909f56bfc062723c751e8b465ee728b)
Start importing Assets/materials/environment/right 1.mat using Guid(d87bf12ace45b044fa458de05573ed97) Importer(815301076,1909f56bfc062723c751e8b465ee728b)  -> (artifact id: '31ced60bb35744531752697a5933805f') in 0.015855 seconds 
========================================================================
Received Import Request.
  Time since last request: 4.097930 seconds.
  path: Assets/materials/environment/front-left.mat
  artifactKey: Guid(d87bf12ace45b044fa458de05573ed97) Importer(815301076,1909f56bfc062723c751e8b465ee728b)
Start importing Assets/materials/environment/front-left.mat using Guid(d87bf12ace45b044fa458de05573ed97) Importer(815301076,1909f56bfc062723c751e8b465ee728b)  -> (artifact id: 'cddffbb822d6f1636482eec9b28d27ee') in 0.015698 seconds 
========================================================================
Received Import Request.
  Time since last request: 0.812149 seconds.
  path: Assets/materials/environment/front-left 1.mat
  artifactKey: Guid(8b94062478ae17143bf64e6a39d2dd97) Importer(815301076,1909f56bfc062723c751e8b465ee728b)
Start importing Assets/materials/environment/front-left 1.mat using Guid(8b94062478ae17143bf64e6a39d2dd97) Importer(815301076,1909f56bfc062723c751e8b465ee728b)  -> (artifact id: '4a2dca89307cb2f926e06823e0b7a5b3') in 0.017038 seconds 
========================================================================
Received Import Request.
  Time since last request: 4.922663 seconds.
  path: Assets/materials/environment/front-right.mat
  artifactKey: Guid(8b94062478ae17143bf64e6a39d2dd97) Importer(815301076,1909f56bfc062723c751e8b465ee728b)
Start importing Assets/materials/environment/front-right.mat using Guid(8b94062478ae17143bf64e6a39d2dd97) Importer(815301076,1909f56bfc062723c751e8b465ee728b)  -> (artifact id: '31f421e442de4de2b53bc4cf88f92b54') in 0.016807 seconds 
========================================================================
Received Import Request.
  Time since last request: 1.261221 seconds.
  path: Assets/materials/environment/front-right 1.mat
  artifactKey: Guid(13598669d4cfd8845af423fc4b24bcbf) Importer(815301076,1909f56bfc062723c751e8b465ee728b)
Start importing Assets/materials/environment/front-right 1.mat using Guid(13598669d4cfd8845af423fc4b24bcbf) Importer(815301076,1909f56bfc062723c751e8b465ee728b)  -> (artifact id: '4136588eb028c1864d70c428427ff614') in 0.034063 seconds 
========================================================================
Received Import Request.
  Time since last request: 4.416947 seconds.
  path: Assets/materials/environment/back-left.mat
  artifactKey: Guid(13598669d4cfd8845af423fc4b24bcbf) Importer(815301076,1909f56bfc062723c751e8b465ee728b)
Start importing Assets/materials/environment/back-left.mat using Guid(13598669d4cfd8845af423fc4b24bcbf) Importer(815301076,1909f56bfc062723c751e8b465ee728b)  -> (artifact id: 'aaa9f3563e815cbaa644fa2aa1819787') in 0.038558 seconds 
========================================================================
Received Import Request.
  Time since last request: 1.048336 seconds.
  path: Assets/materials/environment/back-left 1.mat
  artifactKey: Guid(6558b2bdb7b16b8479ee6acf39050210) Importer(815301076,1909f56bfc062723c751e8b465ee728b)
Start importing Assets/materials/environment/back-left 1.mat using Guid(6558b2bdb7b16b8479ee6acf39050210) Importer(815301076,1909f56bfc062723c751e8b465ee728b)  -> (artifact id: '3fa92ca13e2a0eb0746c86010ea0639e') in 0.019221 seconds 
========================================================================
Received Import Request.
  Time since last request: 4.891433 seconds.
  path: Assets/materials/environment/back-right.mat
  artifactKey: Guid(6558b2bdb7b16b8479ee6acf39050210) Importer(815301076,1909f56bfc062723c751e8b465ee728b)
Start importing Assets/materials/environment/back-right.mat using Guid(6558b2bdb7b16b8479ee6acf39050210) Importer(815301076,1909f56bfc062723c751e8b465ee728b)  -> (artifact id: 'ddd938b2bf28e9d3b26b16e0e637b5e4') in 0.082550 seconds 
========================================================================
Received Import Request.
  Time since last request: 162.552283 seconds.
  path: Assets/materials/environment/back-left.mat
  artifactKey: Guid(13598669d4cfd8845af423fc4b24bcbf) Importer(815301076,1909f56bfc062723c751e8b465ee728b)
Start importing Assets/materials/environment/back-left.mat using Guid(13598669d4cfd8845af423fc4b24bcbf) Importer(815301076,1909f56bfc062723c751e8b465ee728b)  -> (artifact id: '7e57b38835ac0ea96ca3e29866dacff9') in 0.022991 seconds 
========================================================================
Received Import Request.
  Time since last request: 0.000044 seconds.
  path: Assets/materials/environment/front-left.mat
  artifactKey: Guid(d87bf12ace45b044fa458de05573ed97) Importer(815301076,1909f56bfc062723c751e8b465ee728b)
Start importing Assets/materials/environment/front-left.mat using Guid(d87bf12ace45b044fa458de05573ed97) Importer(815301076,1909f56bfc062723c751e8b465ee728b)  -> (artifact id: 'd31d415d1a6421c3a3fec9c5d36c5f53') in 0.021903 seconds 
========================================================================
Received Import Request.
  Time since last request: 0.000074 seconds.
  path: Assets/materials/environment/front.mat
  artifactKey: Guid(5af07355dc3bad240a87a5257a658886) Importer(815301076,1909f56bfc062723c751e8b465ee728b)
Start importing Assets/materials/environment/front.mat using Guid(5af07355dc3bad240a87a5257a658886) Importer(815301076,1909f56bfc062723c751e8b465ee728b)  -> (artifact id: 'b3177f4cc648eeff8f6e5207d41c258d') in 0.020335 seconds 
========================================================================
Received Import Request.
  Time since last request: 0.000028 seconds.
  path: Assets/materials/environment/front-right.mat
  artifactKey: Guid(8b94062478ae17143bf64e6a39d2dd97) Importer(815301076,1909f56bfc062723c751e8b465ee728b)
Start importing Assets/materials/environment/front-right.mat using Guid(8b94062478ae17143bf64e6a39d2dd97) Importer(815301076,1909f56bfc062723c751e8b465ee728b)  -> (artifact id: '98c288d935276acd282fa0f4d04cd81b') in 0.027290 seconds 
Editor requested this worker to shutdown with reason: Scaling down because of idle timeout
AssetImportWorker is now disconnected from the server
Process exiting
Exiting without the bug reporter. Application will terminate with return code 0